<?xml version="1.0" encoding="UTF-8"?>
<!-- Generated by org.testng.reporters.JUnitXMLReporter -->
<testsuite ignored="0" hostname="RAVI" failures="2" tests="2" name="OpenCartTest(failed)" time="19.023" errors="0" timestamp="2023-03-06T00:00:10 IST">
  <testcase classname="testCases.TC_001_AccountRegestrationTest" name="test_account_Regestration" time="2.915">
    <failure type="java.lang.AssertionError" message="not registered expected [Your Account Has Been Created!] but found [Register Account]">
      <![CDATA[java.lang.AssertionError: not registered expected [Your Account Has Been Created!] but found [Register Account]
at testCases.TC_001_AccountRegestrationTest.test_account_Regestration(TC_001_AccountRegestrationTest.java:45)
at java.base/java.util.ArrayList.forEach(ArrayList.java:1511)
... Removed 32 stack frames]]>
    </failure>
  </testcase> <!-- test_account_Regestration -->
  <testcase classname="testCases.TC_002_LoginTest" name="test_login" time="1.416">
    <failure type="java.lang.AssertionError" message="expected [My Account] but found [New Customer]">
      <![CDATA[java.lang.AssertionError: expected [My Account] but found [New Customer]
at testCases.TC_002_LoginTest.test_login(TC_002_LoginTest.java:37)
at java.base/java.util.ArrayList.forEach(ArrayList.java:1511)
... Removed 33 stack frames]]>
    </failure>
  </testcase> <!-- test_login -->
</testsuite> <!-- OpenCartTest(failed) -->
