<?xml version="1.0" encoding="UTF-8"?>
<!-- Generated by org.testng.reporters.JUnitXMLReporter -->
<testsuite ignored="0" hostname="RAVI" failures="1" tests="5" name="OpenCartTest" time="16.51" errors="0" timestamp="2023-03-06T11:52:09 IST">
  <testcase classname="testCases.TC_003_LoginDDT" name="test_loginDDT" time="0.872"/>
  <testcase classname="testCases.TC_003_LoginDDT" name="test_loginDDT" time="0.705"/>
  <testcase classname="testCases.TC_003_LoginDDT" name="test_loginDDT" time="1.016"/>
  <testcase classname="testCases.TC_003_LoginDDT" name="test_loginDDT" time="1.019"/>
  <testcase classname="testCases.TC_003_LoginDDT" name="test_loginDDT" time="0.983">
    <failure type="java.lang.AssertionError" message="null">
      <![CDATA[java.lang.AssertionError: null
at testCases.TC_003_LoginDDT.test_loginDDT(TC_003_LoginDDT.java:42)
at java.base/java.util.ArrayList.forEach(ArrayList.java:1511)
... Removed 29 stack frames]]>
    </failure>
  </testcase> <!-- test_loginDDT -->
</testsuite> <!-- OpenCartTest -->
