<?xml version="1.0" encoding="UTF-8"?>
<!-- Generated by org.testng.reporters.JUnitXMLReporter -->
<testsuite ignored="0" hostname="RAVI" failures="1" tests="1" name="OpenCartTest_chrome" time="31.68" errors="0" timestamp="2023-03-03T01:57:27 IST">
  <testcase classname="testCases.TC_001_AccountRegestrationTest" name="test_account_Regestration" time="12.896">
    <failure type="java.lang.AssertionError" message="not registered expected [Your Account Has Been Created!] but found [Register Account]">
      <![CDATA[java.lang.AssertionError: not registered expected [Your Account Has Been Created!] but found [Register Account]
at testCases.TC_001_AccountRegestrationTest.test_account_Regestration(TC_001_AccountRegestrationTest.java:44)
at java.base/java.util.ArrayList.forEach(ArrayList.java:1511)
at java.base/java.util.concurrent.FutureTask.run(FutureTask.java:264)
at java.base/java.util.concurrent.ThreadPoolExecutor.runWorker(ThreadPoolExecutor.java:1136)
at java.base/java.util.concurrent.ThreadPoolExecutor$Worker.run(ThreadPoolExecutor.java:635)
at java.base/java.lang.Thread.run(Thread.java:833)
... Removed 22 stack frames]]>
    </failure>
  </testcase> <!-- test_account_Regestration -->
</testsuite> <!-- OpenCartTest_chrome -->
